<?xml version="1.0" encoding="UTF-8"?>
<!-- Generated by org.testng.reporters.JUnitReportReporter -->
<testsuite name="TestMaven.amazonEverything" tests="1" time="22.386" ignored="0" failures="0" timestamp="13 Sep 2018 16:01:21 GMT" skipped="0" hostname="raja" errors="0">
  <testcase name="initialize" time="22.386" classname="TestMaven.amazonEverything"/>
</testsuite> <!-- TestMaven.amazonEverything -->
