<?xml version="1.0" encoding="UTF-8"?>
<!-- Generated by org.testng.reporters.JUnitReportReporter -->
<testsuite name="TestMaven.SampleTest" tests="1" time="5.361" ignored="0" failures="0" timestamp="11 Sep 2018 00:50:04 GMT" skipped="0" hostname="raja" errors="0">
  <testcase name="first" time="5.361" classname="TestMaven.SampleTest"/>
</testsuite> <!-- TestMaven.SampleTest -->
