<?xml version="1.0" encoding="UTF-8"?>
<!-- Generated by org.testng.reporters.JUnitReportReporter -->
<testsuite name="TestMaven.CrossBrowserIE" tests="1" time="5.257" ignored="0" failures="0" timestamp="13 Sep 2018 16:01:21 GMT" skipped="0" hostname="raja" errors="0">
  <testcase name="start" time="5.257" classname="TestMaven.CrossBrowserIE"/>
</testsuite> <!-- TestMaven.CrossBrowserIE -->
