<?xml version="1.0" encoding="UTF-8"?>
<!-- Generated by org.testng.reporters.JUnitReportReporter -->
<testsuite name="TestMaven.excelEverything" tests="1" time="9.736" ignored="0" failures="0" timestamp="12 Sep 2018 22:40:02 GMT" skipped="0" hostname="raja" errors="0">
  <testcase name="sample" time="9.736" classname="TestMaven.excelEverything"/>
</testsuite> <!-- TestMaven.excelEverything -->
