<?xml version="1.0" encoding="UTF-8"?>
<!-- Generated by org.testng.reporters.JUnitReportReporter -->
<testsuite skipped="0" hostname="raja" name="TestCases.ParallelTestCases" tests="1" failures="0" timestamp="26 Aug 2018 20:03:32 GMT" time="12.187" errors="0">
  <testcase name="first" time="12.187" classname="TestCases.ParallelTestCases"/>
</testsuite> <!-- TestCases.ParallelTestCases -->
