<?xml version="1.0" encoding="UTF-8"?>
<!-- Generated by org.testng.reporters.JUnitReportReporter -->
<testsuite skipped="0" hostname="raja" name="TestCases.ParallelTestCases2" tests="1" failures="0" timestamp="26 Aug 2018 20:03:32 GMT" time="17.782" errors="0">
  <testcase name="first" time="17.782" classname="TestCases.ParallelTestCases2"/>
</testsuite> <!-- TestCases.ParallelTestCases2 -->
